-------------------------------------------------------------------------------
Test set: com.llrjava.LlrsWebManagementApplicationTests
-------------------------------------------------------------------------------
Tests run: 3, Failures: 0, Errors: 1, Skipped: 0, Time elapsed: 0.235 s <<< FAILURE! -- in com.llrjava.LlrsWebManagementApplicationTests
com.llrjava.LlrsWebManagementApplicationTests.testParseJwt -- Time elapsed: 0.017 s <<< ERROR!
io.jsonwebtoken.ExpiredJwtException: JWT expired at 2024-05-05T14:54:48Z. Current time: 2024-05-09T22:12:38Z, a difference of 371870830 milliseconds.  Allowed clock skew: 0 milliseconds.
	at io.jsonwebtoken.impl.DefaultJwtParser.parse(DefaultJwtParser.java:385)
	at com.llrjava.LlrsWebManagementApplicationTests.testParseJwt(LlrsWebManagementApplicationTests.java:39)
	at java.base/java.lang.reflect.Method.invoke(Method.java:568)
	at java.base/java.util.ArrayList.forEach(ArrayList.java:1511)
	at java.base/java.util.ArrayList.forEach(ArrayList.java:1511)

