<?xml version="1.0" encoding="UTF-8"?>
<testsuite xmlns:xsi="http://www.w3.org/2001/XMLSchema-instance" xsi:noNamespaceSchemaLocation="https://maven.apache.org/surefire/maven-surefire-plugin/xsd/surefire-test-report-3.0.xsd" version="3.0" name="com.llrjava.LlrsWebManagementApplicationTests" time="0.235" tests="3" errors="1" skipped="0" failures="0">
  <properties>
[...]
</properties>
  <testcase name="contextLoads" classname="com.llrjava.LlrsWebManagementApplicationTests" time="0.013"/>
  <testcase name="testGenJwt" classname="com.llrjava.LlrsWebManagementApplicationTests" time="0.193">
    <system-out><![CDATA[eyJhbGciOiJIUzI1NiJ9.eyJuYW1lIjoiVG9tIiwiaWQiOjEsImV4cCI6MTcxNTI2NzU1OH0.e_sBFDKjpfJeNhVKmouBDPTd4gei7YnG1oV1Jd4vQAg
]]></system-out>
  </testcase>
  <testcase name="testParseJwt" classname="com.llrjava.LlrsWebManagementApplicationTests" time="0.017">
    <error message="JWT expired at 2024-05-05T14:54:48Z. Current time: 2024-05-09T22:12:38Z, a difference of 371870830 milliseconds.  Allowed clock skew: 0 milliseconds." type="io.jsonwebtoken.ExpiredJwtException"><![CDATA[io.jsonwebtoken.ExpiredJwtException: JWT expired at 2024-05-05T14:54:48Z. Current time: 2024-05-09T22:12:38Z, a difference of 371870830 milliseconds.  Allowed clock skew: 0 milliseconds.
	at io.jsonwebtoken.impl.DefaultJwtParser.parse(DefaultJwtParser.java:385)
	at com.llrjava.LlrsWebManagementApplicationTests.testParseJwt(LlrsWebManagementApplicationTests.java:39)
	at java.base/java.lang.reflect.Method.invoke(Method.java:568)
	at java.base/java.util.ArrayList.forEach(ArrayList.java:1511)
	at java.base/java.util.ArrayList.forEach(ArrayList.java:1511)
]]></error>
  </testcase>
</testsuite>